[debug] [2023-01-23T11:21:03.252Z] ----------------------------------------------------------------------
[debug] [2023-01-23T11:21:03.254Z] Command:       C:\Program Files\nodejs\node.exe C:\Users\Dell\AppData\Roaming\npm\node_modules\firebase-tools\lib\bin\firebase.js init hosting
[debug] [2023-01-23T11:21:03.254Z] CLI Version:   11.21.0
[debug] [2023-01-23T11:21:03.254Z] Platform:      win32
[debug] [2023-01-23T11:21:03.255Z] Node Version:  v16.15.0
[debug] [2023-01-23T11:21:03.256Z] Time:          Mon Jan 23 2023 16:51:03 GMT+0530 (India Standard Time)
[debug] [2023-01-23T11:21:03.256Z] ----------------------------------------------------------------------
[debug] 
[debug] [2023-01-23T11:21:03.267Z] > command requires scopes: ["email","openid","https://www.googleapis.com/auth/cloudplatformprojects.readonly","https://www.googleapis.com/auth/firebase","https://www.googleapis.com/auth/cloud-platform"]
[debug] [2023-01-23T11:21:03.267Z] > authorizing via signed-in user (abhayt367@gmail.com)
[info] 
     ######## #### ########  ######## ########     ###     ######  ########
     ##        ##  ##     ## ##       ##     ##  ##   ##  ##       ##
     ######    ##  ########  ######   ########  #########  ######  ######
     ##        ##  ##    ##  ##       ##     ## ##     ##       ## ##
     ##       #### ##     ## ######## ########  ##     ##  ######  ########

You're about to initialize a Firebase project in this directory:

  C:\Users\Dell\OneDrive\Desktop\demo

[info] 
=== Project Setup
[info] 
[info] First, let's associate this project directory with a Firebase project.
[info] You can create multiple project aliases by running firebase use --add, 
[info] but for now we'll just set up a default project.
[info] 
[debug] [2023-01-23T11:21:10.427Z] >>> [apiv2][query] GET https://firebase.googleapis.com/v1beta1/projects pageSize=100
[debug] [2023-01-23T11:21:12.004Z] <<< [apiv2][status] GET https://firebase.googleapis.com/v1beta1/projects 200
[debug] [2023-01-23T11:21:12.005Z] <<< [apiv2][body] GET https://firebase.googleapis.com/v1beta1/projects [omitted]
[info] i  Using project hosting-d6498 (hosting) 
[info] 
=== Hosting Setup
[info] 
[info] Your public directory is the folder (relative to your project directory) that
[info] will contain Hosting assets to be uploaded with firebase deploy. If you
[info] have a build process for your assets, use your build's output directory.
[info] 
[info] +  Wrote public/404.html 
[debug] [2023-01-23T11:21:35.657Z] >>> [apiv2][query] GET https://www.gstatic.com/firebasejs/releases.json [none]
[debug] [2023-01-23T11:21:35.935Z] <<< [apiv2][status] GET https://www.gstatic.com/firebasejs/releases.json 200
[debug] [2023-01-23T11:21:35.936Z] <<< [apiv2][body] GET https://www.gstatic.com/firebasejs/releases.json {"current":{"version":"9.16.0","browserURL":"https://www.gstatic.com/firebasejs/9.16.0/firebase.js","packageURL":"https://www.gstatic.com/firebasejs/9.16.0/firebase.tgz"},"live":{"version":"9.16","browserURL":"https://www.gstatic.com/firebasejs/live/9.16/firebase.js","packageURL":"https://www.gstatic.com/firebasejs/live/9.16/firebase.tgz"},"components":{"analytics":"https://www.gstatic.com/firebasejs/9.16.0/firebase-analytics.js","app":"https://www.gstatic.com/firebasejs/9.16.0/firebase-app.js","app-check":"https://www.gstatic.com/firebasejs/9.16.0/firebase-app-check.js","auth":"https://www.gstatic.com/firebasejs/9.16.0/firebase-auth.js","auth/cordova":"https://www.gstatic.com/firebasejs/9.16.0/firebase-auth/cordova.js","auth/react-native":"https://www.gstatic.com/firebasejs/9.16.0/firebase-auth/react-native.js","functions":"https://www.gstatic.com/firebasejs/9.16.0/firebase-functions.js","firestore":"https://www.gstatic.com/firebasejs/9.16.0/firebase-firestore.js","firestore/lite":"https://www.gstatic.com/firebasejs/9.16.0/firebase-firestore/lite.js","installations":"https://www.gstatic.com/firebasejs/9.16.0/firebase-installations.js","storage":"https://www.gstatic.com/firebasejs/9.16.0/firebase-storage.js","performance":"https://www.gstatic.com/firebasejs/9.16.0/firebase-performance.js","remote-config":"https://www.gstatic.com/firebasejs/9.16.0/firebase-remote-config.js","messaging":"https://www.gstatic.com/firebasejs/9.16.0/firebase-messaging.js","messaging/sw":"https://www.gstatic.com/firebasejs/9.16.0/firebase-messaging/sw.js","database":"https://www.gstatic.com/firebasejs/9.16.0/firebase-database.js","firestore.memory":"https://www.gstatic.com/firebasejs/9.16.0/firebase-firestore.memory.js"}}
[info] +  Wrote public/index.html 
[info] 
[info] i  Detected a .git folder at C:\Users\Dell\OneDrive\Desktop\demo 
[info] i  Authorizing with GitHub to upload your service account to a GitHub repository's secrets store. 
[info] 
[info] Visit this URL on this device to log in:
[info] https://github.com/login/oauth/authorize?client_id=89cf50f02ac6aaed3484&state=59335440&redirect_uri=http%3A%2F%2Flocalhost%3A9005&scope=read%3Auser%20repo%20public_repo
[info] 
[info] Waiting for authentication...
[debug] [2023-01-23T11:22:31.729Z] >>> [apiv2][query] POST https://github.com/login/oauth/access_token [none]
[debug] [2023-01-23T11:22:31.730Z] >>> [apiv2][body] POST https://github.com/login/oauth/access_token [stream]
[debug] [2023-01-23T11:22:33.014Z] <<< [apiv2][status] POST https://github.com/login/oauth/access_token 200
[debug] [2023-01-23T11:22:33.015Z] <<< [apiv2][body] POST https://github.com/login/oauth/access_token {"access_token":"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","token_type":"bearer","scope":"read:user,repo"}
[debug] [2023-01-23T11:22:33.027Z] >>> [apiv2][query] GET https://api.github.com/user [none]
[debug] [2023-01-23T11:22:34.021Z] <<< [apiv2][status] GET https://api.github.com/user 200
[debug] [2023-01-23T11:22:34.021Z] <<< [apiv2][body] GET https://api.github.com/user {"login":"iamabhaytiwari343","id":108920327,"node_id":"U_kgDOBn3-Bw","avatar_url":"https://avatars.githubusercontent.com/u/108920327?v=4","gravatar_id":"","url":"https://api.github.com/users/iamabhaytiwari343","html_url":"https://github.com/iamabhaytiwari343","followers_url":"https://api.github.com/users/iamabhaytiwari343/followers","following_url":"https://api.github.com/users/iamabhaytiwari343/following{/other_user}","gists_url":"https://api.github.com/users/iamabhaytiwari343/gists{/gist_id}","starred_url":"https://api.github.com/users/iamabhaytiwari343/starred{/owner}{/repo}","subscriptions_url":"https://api.github.com/users/iamabhaytiwari343/subscriptions","organizations_url":"https://api.github.com/users/iamabhaytiwari343/orgs","repos_url":"https://api.github.com/users/iamabhaytiwari343/repos","events_url":"https://api.github.com/users/iamabhaytiwari343/events{/privacy}","received_events_url":"https://api.github.com/users/iamabhaytiwari343/received_events","type":"User","site_admin":false,"name":"Abhay Tiwari","company":null,"blog":"","location":"Lucknow","email":"iamabhaytiwari343@gmail.com","hireable":null,"bio":"I am interested in development, and problem solving through programming, Java Language","twitter_username":null,"public_repos":6,"public_gists":0,"followers":2,"following":4,"created_at":"2022-07-08T06:31:25Z","updated_at":"2023-01-23T11:22:29Z","private_gists":0,"total_private_repos":4,"owned_private_repos":4,"disk_usage":178493,"collaborators":0,"two_factor_authentication":false,"plan":{"name":"free","space":976562499,"collaborators":0,"private_repos":10000}}
[info] 
[info] +  Success! Logged into GitHub as iamabhaytiwari343 
[info] 
[debug] [2023-01-23T11:23:07.754Z] >>> [apiv2][query] GET https://api.github.com/repos/iamabhaytiwari343/demo/actions/secrets/public-key type=owner
[debug] [2023-01-23T11:23:08.400Z] <<< [apiv2][status] GET https://api.github.com/repos/iamabhaytiwari343/demo/actions/secrets/public-key 404
[debug] [2023-01-23T11:23:08.400Z] <<< [apiv2][body] GET https://api.github.com/repos/iamabhaytiwari343/demo/actions/secrets/public-key {"message":"Not Found","documentation_url":"https://docs.github.com/rest/reference/actions#get-a-repository-public-key"}
[debug] [2023-01-23T11:23:48.778Z] >>> [apiv2][query] GET https://api.github.com/repos/iamabhaytiwari343/demo/actions/secrets/public-key type=owner
[debug] [2023-01-23T11:23:49.617Z] <<< [apiv2][status] GET https://api.github.com/repos/iamabhaytiwari343/demo/actions/secrets/public-key 404
[debug] [2023-01-23T11:23:49.617Z] <<< [apiv2][body] GET https://api.github.com/repos/iamabhaytiwari343/demo/actions/secrets/public-key {"message":"Not Found","documentation_url":"https://docs.github.com/rest/reference/actions#get-a-repository-public-key"}
